<?xml version="1.0" encoding="UTF-8"?>
<testsuite name="edu.coursera.parallel.SetupTest" time="0.029" tests="1" errors="0" skipped="0" failures="0">
  <properties>
    <property name="java.runtime.name" value="OpenJDK Runtime Environment"/>
    <property name="java.vm.version" value="12.0.1+12"/>
    <property name="sun.boot.library.path" value="/Library/Java/JavaVirtualMachines/openjdk-12.0.1.jdk/Contents/Home/lib"/>
    <property name="maven.multiModuleProjectDirectory" value="/Users/chengziwei/Documents/Github/Courses/PCDP_Java/miniproject_0"/>
    <property name="java.vm.vendor" value="Oracle Corporation"/>
    <property name="java.vendor.url" value="https://java.oracle.com/"/>
    <property name="guice.disable.misplaced.annotation.check" value="true"/>
    <property name="path.separator" value=":"/>
    <property name="java.vm.name" value="OpenJDK 64-Bit Server VM"/>
    <property name="user.country" value="US"/>
    <property name="sun.java.launcher" value="SUN_STANDARD"/>
    <property name="java.vm.specification.name" value="Java Virtual Machine Specification"/>
    <property name="user.dir" value="/Users/chengziwei/Documents/Github/Courses/PCDP_Java/miniproject_0"/>
    <property name="java.vm.compressedOopsMode" value="Zero based"/>
    <property name="java.runtime.version" value="12.0.1+12"/>
    <property name="java.awt.graphicsenv" value="sun.awt.CGraphicsEnvironment"/>
    <property name="os.arch" value="x86_64"/>
    <property name="java.io.tmpdir" value="/var/folders/xk/_1d61spx2q1b69zw71c8ymvw0000gn/T/"/>
    <property name="line.separator" value="&#10;"/>
    <property name="socksProxyPort" value="8889"/>
    <property name="java.vm.specification.vendor" value="Oracle Corporation"/>
    <property name="https.proxyHost" value="127.0.0.1"/>
    <property name="os.name" value="Mac OS X"/>
    <property name="maven.ext.class.path" value="/Applications/IntelliJ IDEA.app/Contents/plugins/maven/lib/maven-event-listener.jar"/>
    <property name="classworlds.conf" value="/Applications/IntelliJ IDEA.app/Contents/plugins/maven/lib/maven3/bin/m2.conf"/>
    <property name="sun.jnu.encoding" value="UTF-8"/>
    <property name="http.proxyPort" value="8888"/>
    <property name="java.library.path" value="/Users/chengziwei/Library/Java/Extensions:/Library/Java/Extensions:/Network/Library/Java/Extensions:/System/Library/Java/Extensions:/usr/lib/java:."/>
    <property name="maven.conf" value="/Applications/IntelliJ IDEA.app/Contents/plugins/maven/lib/maven3/conf"/>
    <property name="jdk.debug" value="release"/>
    <property name="java.class.version" value="56.0"/>
    <property name="java.specification.name" value="Java Platform API Specification"/>
    <property name="sun.management.compiler" value="HotSpot 64-Bit Tiered Compilers"/>
    <property name="os.version" value="10.15.4"/>
    <property name="http.nonProxyHosts" value="127.0.0.1|192.168.0.0/16|*.192.168.0.0/16|10.0.0.0/8|*.10.0.0.0/8|172.16.0.0/12|*.172.16.0.0/12|100.64.0.0/10|*.100.64.0.0/10|17.0.0.0/8|*.17.0.0.0/8|localhost|*.localhost|local|*.local|crashlytics.com|*.crashlytics.com"/>
    <property name="user.home" value="/Users/chengziwei"/>
    <property name="user.timezone" value="Asia/Shanghai"/>
    <property name="file.encoding" value="UTF-8"/>
    <property name="java.specification.version" value="12"/>
    <property name="user.name" value="chengziwei"/>
    <property name="java.class.path" value="/Applications/IntelliJ IDEA.app/Contents/plugins/maven/lib/maven3/boot/plexus-classworlds.license:/Applications/IntelliJ IDEA.app/Contents/plugins/maven/lib/maven3/boot/plexus-classworlds-2.6.0.jar"/>
    <property name="socksProxyHost" value="127.0.0.1"/>
    <property name="java.vm.specification.version" value="12"/>
    <property name="sun.arch.data.model" value="64"/>
    <property name="sun.java.command" value="org.codehaus.classworlds.Launcher -Didea.version2020.1.1 test"/>
    <property name="java.home" value="/Library/Java/JavaVirtualMachines/openjdk-12.0.1.jdk/Contents/Home"/>
    <property name="user.language" value="en"/>
    <property name="java.specification.vendor" value="Oracle Corporation"/>
    <property name="idea.version2020.1.1" value="true"/>
    <property name="awt.toolkit" value="sun.lwawt.macosx.LWCToolkit"/>
    <property name="java.vm.info" value="mixed mode, sharing"/>
    <property name="java.version" value="12.0.1"/>
    <property name="http.proxyHost" value="127.0.0.1"/>
    <property name="java.vendor" value="Oracle Corporation"/>
    <property name="maven.home" value="/Applications/IntelliJ IDEA.app/Contents/plugins/maven/lib/maven3"/>
    <property name="file.separator" value="/"/>
    <property name="java.version.date" value="2019-04-16"/>
    <property name="java.vendor.url.bug" value="https://bugreport.java.com/bugreport/"/>
    <property name="sun.io.unicode.encoding" value="UnicodeBig"/>
    <property name="sun.cpu.endian" value="little"/>
    <property name="https.proxyPort" value="8888"/>
    <property name="socksNonProxyHosts" value="127.0.0.1|192.168.0.0/16|*.192.168.0.0/16|10.0.0.0/8|*.10.0.0.0/8|172.16.0.0/12|*.172.16.0.0/12|100.64.0.0/10|*.100.64.0.0/10|17.0.0.0/8|*.17.0.0.0/8|localhost|*.localhost|local|*.local|crashlytics.com|*.crashlytics.com"/>
    <property name="ftp.nonProxyHosts" value="127.0.0.1|192.168.0.0/16|*.192.168.0.0/16|10.0.0.0/8|*.10.0.0.0/8|172.16.0.0/12|*.172.16.0.0/12|100.64.0.0/10|*.100.64.0.0/10|17.0.0.0/8|*.17.0.0.0/8|localhost|*.localhost|local|*.local|crashlytics.com|*.crashlytics.com"/>
  </properties>
  <testcase name="testSetup" classname="edu.coursera.parallel.SetupTest" time="0.029"/>
</testsuite>